<?xml version="1.0" encoding="UTF-8" ?>
<testsuite tests="5" failures="0" name="testRunners.TestRunner" time="48.209" errors="0" skipped="0">
  <properties>
[...]
</properties>
  <testcase classname="Confirm order" name="Buy a product" time="20.411"/>
  <testcase classname="Login page feature" name="Login page title" time="4.538"/>
  <testcase classname="Login page feature" name="Login with correct credentials" time="6.598"/>
  <testcase classname="Register user" name="As guest user I can create a new account" time="10.991"/>
  <testcase classname="Search product" name="As guest user I can search products on the search bar" time="5.671"/>
</testsuite>