<?xml version="1.0" encoding="UTF-8" ?>
<testsuite tests="6" failures="0" name="testRunners.TestRunner" time="46.347" errors="0" skipped="0">
  <properties>
[...]
</properties>
  <testcase classname="Confirm order" name="Buy a product" time="15.626"/>
  <testcase classname="Login page feature" name="Login page title" time="3.616"/>
  <testcase classname="Login page feature" name="Login with correct credentials" time="4.728"/>
  <testcase classname="Register user" name="As guest user I can create a new account" time="11.603"/>
  <testcase classname="Register user" name="As guest user I can not create a new account with an existing email" time="5.17"/>
  <testcase classname="Search product" name="As guest user I can search products on the search bar" time="5.604"/>
</testsuite>