<?xml version="1.0" encoding="UTF-8" ?>
<testsuite tests="1" failures="1" name="testRunners.TestRunner" time="6.809" errors="0" skipped="0">
  <properties>
[...]
</properties>
  <testcase classname="Search product" name="As guest user I can search products on the search bar" time="6.809">
    <failure type="java.lang.AssertionError">java.lang.AssertionError
	at org.junit.Assert.fail(Assert.java:87)
	at org.junit.Assert.assertTrue(Assert.java:42)
	at org.junit.Assert.assertTrue(Assert.java:53)
	at stepDefinitions.searchSteps.the_page_returns_the_product_searched(searchSteps.java:28)
	at ✽.the page returns the product &quot;Blouses&quot;(file:///C:/Users/daag1/eclipse-workspace/ChoucairPrueba/src/test/resources/AppFeatures/search.feature:10)
</failure>
    <system-out>
@test
Scenario Outline: As guest user I can search products on the search bar &amp;#27;[90m# src/test/resources/AppFeatures/search.feature:7&amp;#27;[0m
browser value is: chrome
  &amp;#27;[32mGiven &amp;#27;[0m&amp;#27;[32mI am on home page&amp;#27;[0m                                               &amp;#27;[90m# stepDefinitions.registerSteps.i_am_on_home_page()&amp;#27;[0m
  &amp;#27;[32mGiven &amp;#27;[0m&amp;#27;[32mI enter &amp;#27;[0m&amp;#27;[32m&amp;#27;[1m&quot;Blouse&quot;&amp;#27;[0m&amp;#27;[32m on search bar&amp;#27;[0m                                  &amp;#27;[90m# stepDefinitions.searchSteps.i_enter_on_search_bar(java.lang.String)&amp;#27;[0m
  &amp;#27;[32mWhen &amp;#27;[0m&amp;#27;[32mI click search button&amp;#27;[0m                                            &amp;#27;[90m# stepDefinitions.searchSteps.i_click_search_button()&amp;#27;[0m
  &amp;#27;[31mThen &amp;#27;[0m&amp;#27;[31mthe page returns the product &amp;#27;[0m&amp;#27;[31m&amp;#27;[1m&quot;Blouses&quot;&amp;#27;[0m                           &amp;#27;[90m# stepDefinitions.searchSteps.the_page_returns_the_product_searched(java.lang.String)&amp;#27;[0m
      &amp;#27;[31mjava.lang.AssertionError
	at org.junit.Assert.fail(Assert.java:87)
	at org.junit.Assert.assertTrue(Assert.java:42)
	at org.junit.Assert.assertTrue(Assert.java:53)
	at stepDefinitions.searchSteps.the_page_returns_the_product_searched(searchSteps.java:28)
	at âœ½.the page returns the product &quot;Blouses&quot;(file:///C:/Users/daag1/eclipse-workspace/ChoucairPrueba/src/test/resources/AppFeatures/search.feature:10)
&amp;#27;[0m

    Embedding As_guest_user_I_can_search_products_on_the_search_bar [image/png 187327 bytes]

</system-out>
    <system-err>SLF4J: Failed to load class &quot;org.slf4j.impl.StaticLoggerBinder&quot;.
SLF4J: Defaulting to no-operation (NOP) logger implementation
SLF4J: See http://www.slf4j.org/codes.html#StaticLoggerBinder for further details.
Starting ChromeDriver 96.0.4664.45 (76e4c1bb2ab4671b8beba3444e61c0f17584b2fc-refs/branch-heads/4664@{#947}) on port 7064
Only local connections are allowed.
Please see https://chromedriver.chromium.org/security-considerations for suggestions on keeping ChromeDriver safe.
ChromeDriver was started successfully.
dic. 20, 2021 10:00:42 P. M. org.openqa.selenium.remote.ProtocolHandshake createSession
INFO: Detected dialect: W3C
</system-err>
  </testcase>
</testsuite>