<?xml version="1.0" encoding="UTF-8"?>
<testng-results ignored="0" total="0" passed="0" failed="0" skipped="0">
  <reporter-output>
  </reporter-output>
  <suite started-at="2021-12-20T21:55:30Z" name="testRunners.TestRunner" finished-at="2021-12-20T21:55:30Z" duration-ms="3">
    <groups>
    </groups>
    <test started-at="2021-12-20T21:55:30Z" name="Command line test" finished-at="2021-12-20T21:55:30Z" duration-ms="3">
    </test> <!-- Command line test -->
  </suite> <!-- testRunners.TestRunner -->
</testng-results>
